<?xml version="1.0" encoding="UTF-8"?>
<testng-results skipped="0" failed="0" ignored="0" total="1" passed="1">
  <reporter-output>
  </reporter-output>
  <suite name="Default suite" duration-ms="34951" started-at="2019-11-27T13:36:20Z" finished-at="2019-11-27T13:36:55Z">
    <groups>
    </groups>
    <test name="Default test" duration-ms="34951" started-at="2019-11-27T13:36:20Z" finished-at="2019-11-27T13:36:55Z">
      <class name="com.training.Simple.tests.TC03_PasswordMismatch">
        <test-method status="PASS" signature="SetUp()[pri:0, instance:com.training.Simple.tests.TC03_PasswordMismatch@28d25987]" name="SetUp" is-config="true" duration-ms="8" started-at="2019-11-27T19:06:20Z" finished-at="2019-11-27T19:06:20Z">
          <reporter-output>
          </reporter-output>
        </test-method> <!-- SetUp -->
        <test-method status="PASS" signature="setUpBeforeClass()[pri:0, instance:com.training.Simple.tests.TC03_PasswordMismatch@28d25987]" name="setUpBeforeClass" is-config="true" duration-ms="10428" started-at="2019-11-27T19:06:20Z" finished-at="2019-11-27T19:06:31Z">
          <reporter-output>
          </reporter-output>
        </test-method> <!-- setUpBeforeClass -->
        <test-method status="PASS" signature="Llogin()[pri:0, instance:com.training.Simple.tests.TC03_PasswordMismatch@28d25987]" name="Llogin" is-config="true" duration-ms="13324" started-at="2019-11-27T19:06:31Z" finished-at="2019-11-27T19:06:44Z">
          <reporter-output>
          </reporter-output>
        </test-method> <!-- Llogin -->
        <test-method status="PASS" signature="changePassword()[pri:0, instance:com.training.Simple.tests.TC03_PasswordMismatch@28d25987]" name="changePassword" duration-ms="9188" started-at="2019-11-27T19:06:44Z" finished-at="2019-11-27T19:06:53Z">
          <reporter-output>
          </reporter-output>
        </test-method> <!-- changePassword -->
        <test-method status="PASS" signature="tearDown()[pri:0, instance:com.training.Simple.tests.TC03_PasswordMismatch@28d25987]" name="tearDown" is-config="true" duration-ms="1956" started-at="2019-11-27T19:06:53Z" finished-at="2019-11-27T19:06:55Z">
          <reporter-output>
          </reporter-output>
        </test-method> <!-- tearDown -->
      </class> <!-- com.training.Simple.tests.TC03_PasswordMismatch -->
    </test> <!-- Default test -->
  </suite> <!-- Default suite -->
</testng-results>
